  base.cpp
  keeper.cpp
C:\Users\AlexTundra\Documents\Учёба\Коды\GirHub\Antonov_TP_Laba_1\ТП_Лаба_1\ТП_Лаба_1\base.cpp(7,9): error C4996: 'strcpy': This function or variable may be unsafe. Consider using strcpy_s instead. To disable deprecation, use _CRT_SECURE_NO_WARNINGS. See online help for details.
  main.cpp
C:\Users\AlexTundra\Documents\Учёба\Коды\GirHub\Antonov_TP_Laba_1\ТП_Лаба_1\ТП_Лаба_1\keeper.cpp(141,14): error C2039: "getline": не является членом "std".
      C:\Program Files\Microsoft Visual Studio\2022\Community\VC\Tools\MSVC\14.41.34120\include\fstream(20,1):
       см. объявление "std"
  
C:\Users\AlexTundra\Documents\Учёба\Коды\GirHub\Antonov_TP_Laba_1\ТП_Лаба_1\ТП_Лаба_1\keeper.cpp(141,14): error C3861: getline: идентификатор не найден
C:\Users\AlexTundra\Documents\Учёба\Коды\GirHub\Antonov_TP_Laba_1\ТП_Лаба_1\ТП_Лаба_1\keeper.cpp(148,18): error C2039: "getline": не является членом "std".
      C:\Program Files\Microsoft Visual Studio\2022\Community\VC\Tools\MSVC\14.41.34120\include\fstream(20,1):
       см. объявление "std"
  
C:\Users\AlexTundra\Documents\Учёба\Коды\GirHub\Antonov_TP_Laba_1\ТП_Лаба_1\ТП_Лаба_1\keeper.cpp(148,18): error C3861: getline: идентификатор не найден
C:\Users\AlexTundra\Documents\Учёба\Коды\GirHub\Antonov_TP_Laba_1\ТП_Лаба_1\ТП_Лаба_1\keeper.cpp(149,18): error C2039: "getline": не является членом "std".
      C:\Program Files\Microsoft Visual Studio\2022\Community\VC\Tools\MSVC\14.41.34120\include\fstream(20,1):
       см. объявление "std"
  
C:\Users\AlexTundra\Documents\Учёба\Коды\GirHub\Antonov_TP_Laba_1\ТП_Лаба_1\ТП_Лаба_1\keeper.cpp(149,18): error C3861: getline: идентификатор не найден
C:\Users\AlexTundra\Documents\Учёба\Коды\GirHub\Antonov_TP_Laba_1\ТП_Лаба_1\ТП_Лаба_1\keeper.cpp(150,18): error C2039: "getline": не является членом "std".
      C:\Program Files\Microsoft Visual Studio\2022\Community\VC\Tools\MSVC\14.41.34120\include\fstream(20,1):
       см. объявление "std"
  
C:\Users\AlexTundra\Documents\Учёба\Коды\GirHub\Antonov_TP_Laba_1\ТП_Лаба_1\ТП_Лаба_1\keeper.cpp(150,18): error C3861: getline: идентификатор не найден
C:\Users\AlexTundra\Documents\Учёба\Коды\GirHub\Antonov_TP_Laba_1\ТП_Лаба_1\ТП_Лаба_1\keeper.cpp(160,18): error C2039: "getline": не является членом "std".
      C:\Program Files\Microsoft Visual Studio\2022\Community\VC\Tools\MSVC\14.41.34120\include\fstream(20,1):
       см. объявление "std"
  
C:\Users\AlexTundra\Documents\Учёба\Коды\GirHub\Antonov_TP_Laba_1\ТП_Лаба_1\ТП_Лаба_1\keeper.cpp(160,18): error C3861: getline: идентификатор не найден
C:\Users\AlexTundra\Documents\Учёба\Коды\GirHub\Antonov_TP_Laba_1\ТП_Лаба_1\ТП_Лаба_1\keeper.cpp(161,18): error C2039: "getline": не является членом "std".
      C:\Program Files\Microsoft Visual Studio\2022\Community\VC\Tools\MSVC\14.41.34120\include\fstream(20,1):
       см. объявление "std"
  
C:\Users\AlexTundra\Documents\Учёба\Коды\GirHub\Antonov_TP_Laba_1\ТП_Лаба_1\ТП_Лаба_1\keeper.cpp(161,18): error C3861: getline: идентификатор не найден
C:\Users\AlexTundra\Documents\Учёба\Коды\GirHub\Antonov_TP_Laba_1\ТП_Лаба_1\ТП_Лаба_1\keeper.cpp(162,18): error C2039: "getline": не является членом "std".
      C:\Program Files\Microsoft Visual Studio\2022\Community\VC\Tools\MSVC\14.41.34120\include\fstream(20,1):
       см. объявление "std"
  
C:\Users\AlexTundra\Documents\Учёба\Коды\GirHub\Antonov_TP_Laba_1\ТП_Лаба_1\ТП_Лаба_1\keeper.cpp(162,18): error C3861: getline: идентификатор не найден
C:\Users\AlexTundra\Documents\Учёба\Коды\GirHub\Antonov_TP_Laba_1\ТП_Лаба_1\ТП_Лаба_1\keeper.cpp(163,18): error C2039: "getline": не является членом "std".
      C:\Program Files\Microsoft Visual Studio\2022\Community\VC\Tools\MSVC\14.41.34120\include\fstream(20,1):
       см. объявление "std"
  
C:\Users\AlexTundra\Documents\Учёба\Коды\GirHub\Antonov_TP_Laba_1\ТП_Лаба_1\ТП_Лаба_1\keeper.cpp(163,18): error C3861: getline: идентификатор не найден
  staff.cpp
  student.cpp
  teacher.cpp
C:\Users\AlexTundra\Documents\Учёба\Коды\GirHub\Antonov_TP_Laba_1\ТП_Лаба_1\ТП_Лаба_1\teacher.cpp(87,5): error C4996: 'strcpy': This function or variable may be unsafe. Consider using strcpy_s instead. To disable deprecation, use _CRT_SECURE_NO_WARNINGS. See online help for details.
C:\Users\AlexTundra\Documents\Учёба\Коды\GirHub\Antonov_TP_Laba_1\ТП_Лаба_1\ТП_Лаба_1\teacher.cpp(96,5): error C4996: 'strcpy': This function or variable may be unsafe. Consider using strcpy_s instead. To disable deprecation, use _CRT_SECURE_NO_WARNINGS. See online help for details.
  Создание кода...
